<?xml version="1.0" encoding="UTF-8"?>
<coverage generated="1595339858023" clover="3.2.0">
  <project timestamp="1595339858023" name="All files">
    <metrics statements="35" coveredstatements="31" conditionals="0" coveredconditionals="0" methods="20" coveredmethods="17" elements="55" coveredelements="48" complexity="0" loc="35" ncloc="35" packages="3" files="8" classes="8"/>
    <package name="src">
      <metrics statements="2" coveredstatements="0" conditionals="0" coveredconditionals="0" methods="1" coveredmethods="0"/>
      <file name="App.js" path="C:\Users\jarellano\Documents\Learning\ReactUniversity\testing_workshop\src\App.js">
        <metrics statements="1" coveredstatements="0" conditionals="0" coveredconditionals="0" methods="1" coveredmethods="0"/>
        <line num="4" count="0" type="stmt"/>
      </file>
      <file name="index.js" path="C:\Users\jarellano\Documents\Learning\ReactUniversity\testing_workshop\src\index.js">
        <metrics statements="1" coveredstatements="0" conditionals="0" coveredconditionals="0" methods="0" coveredmethods="0"/>
        <line num="5" count="0" type="stmt"/>
      </file>
    </package>
    <package name="src.components">
      <metrics statements="2" coveredstatements="1" conditionals="0" coveredconditionals="0" methods="1" coveredmethods="0"/>
      <file name="189.testComponent.jsx" path="C:\Users\jarellano\Documents\Learning\ReactUniversity\testing_workshop\src\components\189.testComponent.jsx">
        <metrics statements="2" coveredstatements="1" conditionals="0" coveredconditionals="0" methods="1" coveredmethods="0"/>
        <line num="3" count="1" type="stmt"/>
        <line num="4" count="0" type="stmt"/>
      </file>
    </package>
    <package name="src.utils">
      <metrics statements="31" coveredstatements="30" conditionals="0" coveredconditionals="0" methods="18" coveredmethods="17"/>
      <file name="190.strings.jsx" path="C:\Users\jarellano\Documents\Learning\ReactUniversity\testing_workshop\src\utils\190.strings.jsx">
        <metrics statements="6" coveredstatements="6" conditionals="0" coveredconditionals="0" methods="3" coveredmethods="3"/>
        <line num="1" count="1" type="stmt"/>
        <line num="2" count="1" type="stmt"/>
        <line num="5" count="1" type="stmt"/>
        <line num="6" count="1" type="stmt"/>
        <line num="9" count="1" type="stmt"/>
        <line num="10" count="1" type="stmt"/>
      </file>
      <file name="191.numbers.jsx" path="C:\Users\jarellano\Documents\Learning\ReactUniversity\testing_workshop\src\utils\191.numbers.jsx">
        <metrics statements="10" coveredstatements="10" conditionals="0" coveredconditionals="0" methods="5" coveredmethods="5"/>
        <line num="1" count="1" type="stmt"/>
        <line num="2" count="1" type="stmt"/>
        <line num="5" count="1" type="stmt"/>
        <line num="6" count="1" type="stmt"/>
        <line num="9" count="1" type="stmt"/>
        <line num="10" count="1" type="stmt"/>
        <line num="13" count="1" type="stmt"/>
        <line num="14" count="1" type="stmt"/>
        <line num="17" count="1" type="stmt"/>
        <line num="18" count="1" type="stmt"/>
      </file>
      <file name="192.arrays.jsx" path="C:\Users\jarellano\Documents\Learning\ReactUniversity\testing_workshop\src\utils\192.arrays.jsx">
        <metrics statements="5" coveredstatements="5" conditionals="0" coveredconditionals="0" methods="3" coveredmethods="3"/>
        <line num="1" count="1" type="stmt"/>
        <line num="2" count="5" type="stmt"/>
        <line num="4" count="5" type="stmt"/>
        <line num="6" count="8" type="stmt"/>
        <line num="10" count="6" type="stmt"/>
      </file>
      <file name="193.objects.jsx" path="C:\Users\jarellano\Documents\Learning\ReactUniversity\testing_workshop\src\utils\193.objects.jsx">
        <metrics statements="6" coveredstatements="6" conditionals="0" coveredconditionals="0" methods="5" coveredmethods="5"/>
        <line num="1" count="1" type="stmt"/>
        <line num="2" count="2" type="stmt"/>
        <line num="4" count="2" type="stmt"/>
        <line num="6" count="2" type="stmt"/>
        <line num="10" count="1" type="stmt"/>
        <line num="14" count="3" type="stmt"/>
      </file>
      <file name="196.async.jsx" path="C:\Users\jarellano\Documents\Learning\ReactUniversity\testing_workshop\src\utils\196.async.jsx">
        <metrics statements="4" coveredstatements="3" conditionals="0" coveredconditionals="0" methods="2" coveredmethods="1"/>
        <line num="3" count="1" type="stmt"/>
        <line num="4" count="1" type="stmt"/>
        <line num="6" count="1" type="stmt"/>
        <line num="7" count="0" type="stmt"/>
      </file>
    </package>
  </project>
</coverage>
