TN:
SF:C:\Users\jarellano\Documents\Learning\ReactUniversity\testing_workshop\src\App.js
FN:3,App
FNF:1
FNH:0
FNDA:0,App
DA:4,0
LF:1
LH:0
BRF:0
BRH:0
end_of_record
TN:
SF:C:\Users\jarellano\Documents\Learning\ReactUniversity\testing_workshop\src\index.js
FNF:0
FNH:0
DA:5,0
LF:1
LH:0
BRF:0
BRH:0
end_of_record
TN:
SF:C:\Users\jarellano\Documents\Learning\ReactUniversity\testing_workshop\src\components\189.testComponent.jsx
FN:3,(anonymous_0)
FNF:1
FNH:0
FNDA:0,(anonymous_0)
DA:3,1
DA:4,0
LF:2
LH:1
BRF:0
BRH:0
end_of_record
TN:
SF:C:\Users\jarellano\Documents\Learning\ReactUniversity\testing_workshop\src\utils\190.strings.jsx
FN:1,(anonymous_0)
FN:5,(anonymous_1)
FN:9,(anonymous_2)
FNF:3
FNH:3
FNDA:1,(anonymous_0)
FNDA:1,(anonymous_1)
FNDA:1,(anonymous_2)
DA:1,1
DA:2,1
DA:5,1
DA:6,1
DA:9,1
DA:10,1
LF:6
LH:6
BRF:0
BRH:0
end_of_record
TN:
SF:C:\Users\jarellano\Documents\Learning\ReactUniversity\testing_workshop\src\utils\191.numbers.jsx
FN:1,(anonymous_0)
FN:5,(anonymous_1)
FN:9,(anonymous_2)
FN:13,(anonymous_3)
FN:17,(anonymous_4)
FNF:5
FNH:5
FNDA:1,(anonymous_0)
FNDA:1,(anonymous_1)
FNDA:1,(anonymous_2)
FNDA:1,(anonymous_3)
FNDA:1,(anonymous_4)
DA:1,1
DA:2,1
DA:5,1
DA:6,1
DA:9,1
DA:10,1
DA:13,1
DA:14,1
DA:17,1
DA:18,1
LF:10
LH:10
BRF:0
BRH:0
end_of_record
TN:
SF:C:\Users\jarellano\Documents\Learning\ReactUniversity\testing_workshop\src\utils\192.arrays.jsx
FN:1,(anonymous_0)
FN:5,(anonymous_1)
FN:9,(anonymous_2)
FNF:3
FNH:3
FNDA:5,(anonymous_0)
FNDA:8,(anonymous_1)
FNDA:6,(anonymous_2)
DA:1,1
DA:2,5
DA:4,5
DA:6,8
DA:10,6
LF:5
LH:5
BRF:0
BRH:0
end_of_record
TN:
SF:C:\Users\jarellano\Documents\Learning\ReactUniversity\testing_workshop\src\utils\193.objects.jsx
FN:1,(anonymous_0)
FN:5,(anonymous_1)
FN:9,(anonymous_2)
FN:13,(anonymous_3)
FN:14,(anonymous_4)
FNF:5
FNH:5
FNDA:2,(anonymous_0)
FNDA:2,(anonymous_1)
FNDA:1,(anonymous_2)
FNDA:3,(anonymous_3)
FNDA:3,(anonymous_4)
DA:1,1
DA:2,2
DA:4,2
DA:6,2
DA:10,1
DA:14,3
LF:6
LH:6
BRF:0
BRH:0
end_of_record
TN:
SF:C:\Users\jarellano\Documents\Learning\ReactUniversity\testing_workshop\src\utils\196.async.jsx
FN:3,(anonymous_0)
FN:6,(anonymous_1)
FNF:2
FNH:1
FNDA:1,(anonymous_0)
FNDA:0,(anonymous_1)
DA:3,1
DA:4,1
DA:6,1
DA:7,0
LF:4
LH:3
BRF:0
BRH:0
end_of_record
